<?xml version="1.0" encoding="UTF-8"?>
<testsuite xmlns:xsi="http://www.w3.org/2001/XMLSchema-instance" xsi:noNamespaceSchemaLocation="https://maven.apache.org/surefire/maven-surefire-plugin/xsd/surefire-test-report-3.0.xsd" version="3.0" name="NewEmptyJUnitTest" time="0.167" tests="6" errors="0" skipped="0" failures="0">
  <properties>
    <property name="java.specification.version" value="21"/>
    <property name="sun.jnu.encoding" value="UTF-8"/>
    <property name="java.class.path" value="/home/drymnz/NetBeansProjects/InterpreteFiguras/target/test-classes:/home/drymnz/NetBeansProjects/InterpreteFiguras/target/classes:/home/drymnz/.m2/repository/org/junit/jupiter/junit-jupiter/5.10.0/junit-jupiter-5.10.0.jar:/home/drymnz/.m2/repository/org/junit/jupiter/junit-jupiter-api/5.10.0/junit-jupiter-api-5.10.0.jar:/home/drymnz/.m2/repository/org/opentest4j/opentest4j/1.3.0/opentest4j-1.3.0.jar:/home/drymnz/.m2/repository/org/junit/platform/junit-platform-commons/1.10.0/junit-platform-commons-1.10.0.jar:/home/drymnz/.m2/repository/org/apiguardian/apiguardian-api/1.1.2/apiguardian-api-1.1.2.jar:/home/drymnz/.m2/repository/org/junit/jupiter/junit-jupiter-params/5.10.0/junit-jupiter-params-5.10.0.jar:/home/drymnz/.m2/repository/org/junit/jupiter/junit-jupiter-engine/5.10.0/junit-jupiter-engine-5.10.0.jar:/home/drymnz/.m2/repository/org/junit/platform/junit-platform-engine/1.10.0/junit-platform-engine-1.10.0.jar:/home/drymnz/.m2/repository/de/jflex/jflex/1.9.1/jflex-1.9.1.jar:/home/drymnz/.m2/repository/com/github/vbmacher/java-cup-runtime/11b-20160615-1/java-cup-runtime-11b-20160615-1.jar:/home/drymnz/.m2/repository/org/apache/ant/ant/1.10.13/ant-1.10.13.jar:/home/drymnz/.m2/repository/org/apache/ant/ant-launcher/1.10.13/ant-launcher-1.10.13.jar:/home/drymnz/.m2/repository/com/google/code/findbugs/jsr305/3.0.2/jsr305-3.0.2.jar:/home/drymnz/.m2/repository/com/github/vbmacher/java-cup/11b/java-cup-11b.jar:"/>
    <property name="java.vm.vendor" value="Arch Linux"/>
    <property name="sun.arch.data.model" value="64"/>
    <property name="java.vendor.url" value="https://openjdk.org/"/>
    <property name="os.name" value="Linux"/>
    <property name="java.vm.specification.version" value="21"/>
    <property name="user.country" value="MX"/>
    <property name="sun.java.launcher" value="SUN_STANDARD"/>
    <property name="sun.boot.library.path" value="/usr/lib/jvm/java-21-openjdk/lib"/>
    <property name="sun.java.command" value="/home/drymnz/NetBeansProjects/InterpreteFiguras/target/surefire/surefirebooter-20240811095301932_3.jar /home/drymnz/NetBeansProjects/InterpreteFiguras/target/surefire 2024-08-11T09-53-01_807-jvmRun1 surefire-20240811095301932_1tmp surefire_0-20240811095301932_2tmp"/>
    <property name="jdk.debug" value="release"/>
    <property name="surefire.test.class.path" value="/home/drymnz/NetBeansProjects/InterpreteFiguras/target/test-classes:/home/drymnz/NetBeansProjects/InterpreteFiguras/target/classes:/home/drymnz/.m2/repository/org/junit/jupiter/junit-jupiter/5.10.0/junit-jupiter-5.10.0.jar:/home/drymnz/.m2/repository/org/junit/jupiter/junit-jupiter-api/5.10.0/junit-jupiter-api-5.10.0.jar:/home/drymnz/.m2/repository/org/opentest4j/opentest4j/1.3.0/opentest4j-1.3.0.jar:/home/drymnz/.m2/repository/org/junit/platform/junit-platform-commons/1.10.0/junit-platform-commons-1.10.0.jar:/home/drymnz/.m2/repository/org/apiguardian/apiguardian-api/1.1.2/apiguardian-api-1.1.2.jar:/home/drymnz/.m2/repository/org/junit/jupiter/junit-jupiter-params/5.10.0/junit-jupiter-params-5.10.0.jar:/home/drymnz/.m2/repository/org/junit/jupiter/junit-jupiter-engine/5.10.0/junit-jupiter-engine-5.10.0.jar:/home/drymnz/.m2/repository/org/junit/platform/junit-platform-engine/1.10.0/junit-platform-engine-1.10.0.jar:/home/drymnz/.m2/repository/de/jflex/jflex/1.9.1/jflex-1.9.1.jar:/home/drymnz/.m2/repository/com/github/vbmacher/java-cup-runtime/11b-20160615-1/java-cup-runtime-11b-20160615-1.jar:/home/drymnz/.m2/repository/org/apache/ant/ant/1.10.13/ant-1.10.13.jar:/home/drymnz/.m2/repository/org/apache/ant/ant-launcher/1.10.13/ant-launcher-1.10.13.jar:/home/drymnz/.m2/repository/com/google/code/findbugs/jsr305/3.0.2/jsr305-3.0.2.jar:/home/drymnz/.m2/repository/com/github/vbmacher/java-cup/11b/java-cup-11b.jar:"/>
    <property name="sun.cpu.endian" value="little"/>
    <property name="user.home" value="/home/drymnz"/>
    <property name="user.language" value="es"/>
    <property name="java.specification.vendor" value="Oracle Corporation"/>
    <property name="java.version.date" value="2024-07-16"/>
    <property name="java.home" value="/usr/lib/jvm/java-21-openjdk"/>
    <property name="file.separator" value="/"/>
    <property name="basedir" value="/home/drymnz/NetBeansProjects/InterpreteFiguras"/>
    <property name="java.vm.compressedOopsMode" value="Zero based"/>
    <property name="line.separator" value="&#10;"/>
    <property name="java.specification.name" value="Java Platform API Specification"/>
    <property name="java.vm.specification.vendor" value="Oracle Corporation"/>
    <property name="surefire.real.class.path" value="/home/drymnz/NetBeansProjects/InterpreteFiguras/target/surefire/surefirebooter-20240811095301932_3.jar"/>
    <property name="sun.management.compiler" value="HotSpot 64-Bit Tiered Compilers"/>
    <property name="java.runtime.version" value="21.0.4+7"/>
    <property name="user.name" value="drymnz"/>
    <property name="stdout.encoding" value="UTF-8"/>
    <property name="path.separator" value=":"/>
    <property name="os.version" value="6.10.3-x64v3-xanmod1"/>
    <property name="java.runtime.name" value="OpenJDK Runtime Environment"/>
    <property name="file.encoding" value="UTF-8"/>
    <property name="java.vm.name" value="OpenJDK 64-Bit Server VM"/>
    <property name="maven.ext.class.path" value="/usr/lib/netbeans/java/maven-nblib/netbeans-eventspy.jar"/>
    <property name="localRepository" value="/home/drymnz/.m2/repository"/>
    <property name="java.vendor.url.bug" value="https://bugreport.java.com/bugreport/"/>
    <property name="java.io.tmpdir" value="/tmp"/>
    <property name="java.version" value="21.0.4"/>
    <property name="user.dir" value="/home/drymnz/NetBeansProjects/InterpreteFiguras"/>
    <property name="os.arch" value="amd64"/>
    <property name="java.vm.specification.name" value="Java Virtual Machine Specification"/>
    <property name="native.encoding" value="UTF-8"/>
    <property name="java.library.path" value="/usr/java/packages/lib:/usr/lib64:/lib64:/lib:/usr/lib"/>
    <property name="java.vm.info" value="mixed mode, sharing"/>
    <property name="stderr.encoding" value="UTF-8"/>
    <property name="java.vendor" value="Arch Linux"/>
    <property name="java.vm.version" value="21.0.4+7"/>
    <property name="sun.io.unicode.encoding" value="UnicodeLittle"/>
    <property name="java.class.version" value="65.0"/>
  </properties>
  <testcase name="TestFive" classname="NewEmptyJUnitTest" time="0.076">
    <system-out><![CDATA[-posx:50-poxy:2-id:circulo_1-color:RED
-posx:100-poxy:100-id:circulo_2-color:BLUE
-posx:75-poxy:4-id:circulo_3-color:GREEN
-posx:25-poxy:2-id:circulo_4-color:YELLOW
-posx:120-poxy:60-id:circulo_5-color:BLACK
]]></system-out>
  </testcase>
  <testcase name="TestFour" classname="NewEmptyJUnitTest" time="0.009">
    <system-out><![CDATA[-line:1-columna:36-lexeme:25 * 2-ListMathOperation:MULTIPLICATION
-line:1-columna:45-lexeme:100 / 2-ListMathOperation:DIVISION
-line:1-columna:52-lexeme:5 * 4-ListMathOperation:MULTIPLICATION
-line:2-columna:37-lexeme:50 + 50-ListMathOperation:ADDITION
-line:2-columna:46-lexeme:50 + 50-ListMathOperation:ADDITION
-line:2-columna:53-lexeme:3 * 5-ListMathOperation:MULTIPLICATION
-line:3-columna:38-lexeme:50 + 25-ListMathOperation:ADDITION
-line:3-columna:48-lexeme:100 / 4-ListMathOperation:DIVISION
-line:3-columna:56-lexeme:20 / 2-ListMathOperation:DIVISION
-line:4-columna:37-lexeme:10 * 3-ListMathOperation:MULTIPLICATION
-line:4-columna:42-lexeme:30 - 5-ListMathOperation:SUBTRACTION
-line:4-columna:50-lexeme:80 / 2-ListMathOperation:DIVISION
-line:4-columna:57-lexeme:6 * 3-ListMathOperation:MULTIPLICATION
-line:5-columna:38-lexeme:40 + 20-ListMathOperation:ADDITION
-line:5-columna:43-lexeme:60 * 2-ListMathOperation:MULTIPLICATION
-line:5-columna:53-lexeme:50 - 20-ListMathOperation:SUBTRACTION
-line:5-columna:59-lexeme:30 + 30-ListMathOperation:ADDITION
-line:5-columna:69-lexeme:15 + 10-ListMathOperation:ADDITION
-line:5-columna:74-lexeme:25 / 5-ListMathOperation:DIVISION
]]></system-out>
  </testcase>
  <testcase name="TestTree" classname="NewEmptyJUnitTest" time="0.024">
    <system-out><![CDATA[
 - Clase<> en simbolo<ID>posicion: <5>, <82>
-line:5-columna:82-lexeme:ID
ERORR
]]></system-out>
    <system-err><![CDATA[Couldn't repair and continue parse at character 4 of input
]]></system-err>
  </testcase>
  <testcase name="TestOne" classname="NewEmptyJUnitTest" time="0.004"/>
  <testcase name="TestTwo" classname="NewEmptyJUnitTest" time="0.002"/>
  <testcase name="TestEmpty" classname="NewEmptyJUnitTest" time="0.002"/>
</testsuite>